<?xml version="1.0" encoding="UTF-8"?>
<!-- Generated by org.testng.reporters.JUnitXMLReporter -->
<testsuite ignored="0" hostname="LAPTOP-0G7MNIN6" failures="0" tests="6" name="GO-Rest-Api" time="45.821" errors="0" timestamp="2022-07-24T20:20:35 IST">
  <testcase classname="tests.CreateUser" name="CreateUserTest" time="6.062"/>
  <testcase classname="tests.CreateUser" name="CreateUserWithInvalidEmail" time="1.642"/>
  <testcase classname="tests.CreateUser" name="CreateUserWithSameEmail" time="2.73"/>
  <testcase classname="tests.CreatePost" name="CreatePostTest" time="6.913"/>
  <testcase classname="tests.CreateComment" name="CreateCommentTest" time="8.143"/>
  <testcase classname="tests.CreateTodo" name="CreateTodoTest" time="6.04"/>
</testsuite> <!-- GO-Rest-Api -->
