<?xml version="1.0" encoding="UTF-8"?>
<!-- Generated by org.testng.reporters.JUnitXMLReporter -->
<testsuite ignored="0" hostname="LAPTOP-0G7MNIN6" failures="0" tests="3" name="Default test" time="15.389" errors="0" timestamp="2022-07-24T20:17:42 IST">
  <testcase classname="tests.CreateUser" name="CreateUserTest" time="6.014"/>
  <testcase classname="tests.CreateUser" name="CreateUserWithInvalidEmail" time="4.416"/>
  <testcase classname="tests.CreateUser" name="CreateUserWithSameEmail" time="2.767"/>
</testsuite> <!-- Default test -->
