<?xml version="1.0" encoding="UTF-8"?>
<testng-results ignored="0" total="6" passed="6" failed="0" skipped="0">
  <reporter-output>
  </reporter-output>
  <suite started-at="2022-07-24T20:19:49 IST" name="API-Test-Suite" finished-at="2022-07-24T20:20:35 IST" duration-ms="45821">
    <groups>
    </groups>
    <test started-at="2022-07-24T20:19:49 IST" name="GO-Rest-Api" finished-at="2022-07-24T20:20:35 IST" duration-ms="45821">
      <class name="tests.CreateTodo">
        <test-method signature="CreateTodoTest()[pri:0, instance:tests.CreateTodo@291ae]" started-at="2022-07-24T20:20:26 IST" name="CreateTodoTest" finished-at="2022-07-24T20:20:32 IST" duration-ms="6040" status="PASS">
          <reporter-output>
          </reporter-output>
        </test-method> <!-- CreateTodoTest -->
        <test-method is-config="true" signature="DeleteUser()[pri:0, instance:tests.CreateTodo@291ae]" started-at="2022-07-24T20:20:32 IST" name="DeleteUser" finished-at="2022-07-24T20:20:35 IST" duration-ms="2930" status="PASS">
          <reporter-output>
          </reporter-output>
        </test-method> <!-- DeleteUser -->
      </class> <!-- tests.CreateTodo -->
      <class name="tests.CreatePost">
        <test-method signature="CreatePostTest()[pri:0, instance:tests.CreatePost@2ef3eef9]" started-at="2022-07-24T20:20:07 IST" name="CreatePostTest" finished-at="2022-07-24T20:20:14 IST" duration-ms="6913" status="PASS">
          <reporter-output>
          </reporter-output>
        </test-method> <!-- CreatePostTest -->
        <test-method is-config="true" signature="DeleteUser()[pri:0, instance:tests.CreatePost@2ef3eef9]" started-at="2022-07-24T20:20:14 IST" name="DeleteUser" finished-at="2022-07-24T20:20:16 IST" duration-ms="2050" status="PASS">
          <reporter-output>
          </reporter-output>
        </test-method> <!-- DeleteUser -->
      </class> <!-- tests.CreatePost -->
      <class name="tests.CreateComment">
        <test-method signature="CreateCommentTest()[pri:0, instance:tests.CreateComment@243c4f91]" started-at="2022-07-24T20:20:16 IST" name="CreateCommentTest" finished-at="2022-07-24T20:20:24 IST" duration-ms="8143" status="PASS">
          <reporter-output>
          </reporter-output>
        </test-method> <!-- CreateCommentTest -->
        <test-method is-config="true" signature="DeleteUser()[pri:0, instance:tests.CreateComment@243c4f91]" started-at="2022-07-24T20:20:24 IST" name="DeleteUser" finished-at="2022-07-24T20:20:26 IST" duration-ms="1785" status="PASS">
          <reporter-output>
          </reporter-output>
        </test-method> <!-- DeleteUser -->
      </class> <!-- tests.CreateComment -->
      <class name="tests.CreateUser">
        <test-method signature="CreateUserTest()[pri:0, instance:tests.CreateUser@6a28ffa4]" started-at="2022-07-24T20:19:49 IST" name="CreateUserTest" finished-at="2022-07-24T20:19:55 IST" duration-ms="6062" status="PASS">
          <reporter-output>
          </reporter-output>
        </test-method> <!-- CreateUserTest -->
        <test-method is-config="true" signature="DeleteUser()[pri:0, instance:tests.CreateUser@6a28ffa4]" started-at="2022-07-24T20:19:55 IST" name="DeleteUser" finished-at="2022-07-24T20:19:59 IST" duration-ms="3302" status="PASS">
          <reporter-output>
          </reporter-output>
        </test-method> <!-- DeleteUser -->
        <test-method signature="CreateUserWithInvalidEmail()[pri:0, instance:tests.CreateUser@6a28ffa4]" started-at="2022-07-24T20:19:59 IST" name="CreateUserWithInvalidEmail" finished-at="2022-07-24T20:20:00 IST" duration-ms="1642" status="PASS">
          <reporter-output>
          </reporter-output>
        </test-method> <!-- CreateUserWithInvalidEmail -->
        <test-method is-config="true" signature="DeleteUser()[pri:0, instance:tests.CreateUser@6a28ffa4]" started-at="2022-07-24T20:20:00 IST" name="DeleteUser" finished-at="2022-07-24T20:20:00 IST" duration-ms="0" status="PASS">
          <reporter-output>
          </reporter-output>
        </test-method> <!-- DeleteUser -->
        <test-method signature="CreateUserWithSameEmail()[pri:0, instance:tests.CreateUser@6a28ffa4]" started-at="2022-07-24T20:20:00 IST" name="CreateUserWithSameEmail" finished-at="2022-07-24T20:20:03 IST" duration-ms="2730" status="PASS">
          <reporter-output>
          </reporter-output>
        </test-method> <!-- CreateUserWithSameEmail -->
        <test-method is-config="true" signature="DeleteUser()[pri:0, instance:tests.CreateUser@6a28ffa4]" started-at="2022-07-24T20:20:03 IST" name="DeleteUser" finished-at="2022-07-24T20:20:07 IST" duration-ms="4168" status="PASS">
          <reporter-output>
          </reporter-output>
        </test-method> <!-- DeleteUser -->
      </class> <!-- tests.CreateUser -->
    </test> <!-- GO-Rest-Api -->
  </suite> <!-- API-Test-Suite -->
</testng-results>
